# JRE version: OpenJDK Runtime Environment (8.0_152-b01) (build 1.8.0_152-release-915-b01)
# Java VM: OpenJDK 64-Bit Server VM (25.152-b01 mixed mode windows-amd64 compressed oops)
Heap:
 PSYoungGen      total 181248K, used 82143K [0x00000000e0000000, 0x00000000ecf80000, 0x0000000100000000)
  eden space 167424K, 40% used [0x00000000e0000000,0x00000000e42b7c58,0x00000000ea380000)
  from space 13824K, 100% used [0x00000000eb580000,0x00000000ec300000,0x00000000ec300000)
  to   space 18432K, 0% used [0x00000000ea380000,0x00000000ea380000,0x00000000eb580000)
 ParOldGen       total 88064K, used 29505K [0x00000000a0000000, 0x00000000a5600000, 0x00000000e0000000)
  object space 88064K, 33% used [0x00000000a0000000,0x00000000a1cd0740,0x00000000a5600000)
 Metaspace       used 55646K, capacity 57854K, committed 58112K, reserved 1099776K
  class space    used 7611K, capacity 8180K, committed 8192K, reserved 1048576K
GC Heap History (10 events):
Event: 13.584 GC heap before
{Heap before GC invocations=10 (full 1):
 PSYoungGen      total 101888K, used 33004K [0x00000000e0000000, 0x00000000e7280000, 0x0000000100000000)
  eden space 90112K, 28% used [0x00000000e0000000,0x00000000e1924448,0x00000000e5800000)
  from space 11776K, 61% used [0x00000000e6300000,0x00000000e6a16e80,0x00000000e6e80000)
  to   space 11264K, 0% used [0x00000000e5800000,0x00000000e5800000,0x00000000e6300000)
 ParOldGen       total 65536K, used 9191K [0x00000000a0000000, 0x00000000a4000000, 0x00000000e0000000)
  object space 65536K, 14% used [0x00000000a0000000,0x00000000a08f9f90,0x00000000a4000000)
 Metaspace       used 34493K, capacity 35300K, committed 35416K, reserved 1079296K
  class space    used 4709K, capacity 5038K, committed 5120K, reserved 1048576K
Event: 13.592 GC heap after
Heap after GC invocations=10 (full 1):
 PSYoungGen      total 101376K, used 7231K [0x00000000e0000000, 0x00000000e9480000, 0x0000000100000000)
  eden space 90112K, 0% used [0x00000000e0000000,0x00000000e0000000,0x00000000e5800000)
  from space 11264K, 64% used [0x00000000e5800000,0x00000000e5f0fcd0,0x00000000e6300000)
  to   space 11264K, 0% used [0x00000000e8980000,0x00000000e8980000,0x00000000e9480000)
 ParOldGen       total 65536K, used 12215K [0x00000000a0000000, 0x00000000a4000000, 0x00000000e0000000)
  object space 65536K, 18% used [0x00000000a0000000,0x00000000a0bedcd8,0x00000000a4000000)
 Metaspace       used 34493K, capacity 35300K, committed 35416K, reserved 1079296K
  class space    used 4709K, capacity 5038K, committed 5120K, reserved 1048576K
}
Event: 13.592 GC heap before
{Heap before GC invocations=11 (full 2):
 PSYoungGen      total 101376K, used 7231K [0x00000000e0000000, 0x00000000e9480000, 0x0000000100000000)
  eden space 90112K, 0% used [0x00000000e0000000,0x00000000e0000000,0x00000000e5800000)
  from space 11264K, 64% used [0x00000000e5800000,0x00000000e5f0fcd0,0x00000000e6300000)
  to   space 11264K, 0% used [0x00000000e8980000,0x00000000e8980000,0x00000000e9480000)
 ParOldGen       total 65536K, used 12215K [0x00000000a0000000, 0x00000000a4000000, 0x00000000e0000000)
  object space 65536K, 18% used [0x00000000a0000000,0x00000000a0bedcd8,0x00000000a4000000)
 Metaspace       used 34493K, capacity 35300K, committed 35416K, reserved 1079296K
  class space    used 4709K, capacity 5038K, committed 5120K, reserved 1048576K
Event: 13.652 GC heap after
Heap after GC invocations=11 (full 2):
 PSYoungGen      total 101376K, used 0K [0x00000000e0000000, 0x00000000e9480000, 0x0000000100000000)
  eden space 90112K, 0% used [0x00000000e0000000,0x00000000e0000000,0x00000000e5800000)
  from space 11264K, 0% used [0x00000000e5800000,0x00000000e5800000,0x00000000e6300000)
  to   space 11264K, 0% used [0x00000000e8980000,0x00000000e8980000,0x00000000e9480000)
 ParOldGen       total 88064K, used 16433K [0x00000000a0000000, 0x00000000a5600000, 0x00000000e0000000)
  object space 88064K, 18% used [0x00000000a0000000,0x00000000a100c738,0x00000000a5600000)
 Metaspace       used 34493K, capacity 35300K, committed 35416K, reserved 1079296K
  class space    used 4709K, capacity 5038K, committed 5120K, reserved 1048576K
}
Event: 14.805 GC heap before
{Heap before GC invocations=12 (full 2):
 PSYoungGen      total 101376K, used 90112K [0x00000000e0000000, 0x00000000e9480000, 0x0000000100000000)
  eden space 90112K, 100% used [0x00000000e0000000,0x00000000e5800000,0x00000000e5800000)
  from space 11264K, 0% used [0x00000000e5800000,0x00000000e5800000,0x00000000e6300000)
  to   space 11264K, 0% used [0x00000000e8980000,0x00000000e8980000,0x00000000e9480000)
 ParOldGen       total 88064K, used 16433K [0x00000000a0000000, 0x00000000a5600000, 0x00000000e0000000)
  object space 88064K, 18% used [0x00000000a0000000,0x00000000a100c738,0x00000000a5600000)
 Metaspace       used 41378K, capacity 42244K, committed 42496K, reserved 1085440K
  class space    used 5529K, capacity 5869K, committed 5888K, reserved 1048576K
Event: 14.816 GC heap after
Heap after GC invocations=12 (full 2):
 PSYoungGen      total 136704K, used 11251K [0x00000000e0000000, 0x00000000e9480000, 0x0000000100000000)
  eden space 125440K, 0% used [0x00000000e0000000,0x00000000e0000000,0x00000000e7a80000)
  from space 11264K, 99% used [0x00000000e8980000,0x00000000e947cc78,0x00000000e9480000)
  to   space 12288K, 0% used [0x00000000e7c80000,0x00000000e7c80000,0x00000000e8880000)
 ParOldGen       total 88064K, used 16757K [0x00000000a0000000, 0x00000000a5600000, 0x00000000e0000000)
  object space 88064K, 19% used [0x00000000a0000000,0x00000000a105d410,0x00000000a5600000)
 Metaspace       used 41378K, capacity 42244K, committed 42496K, reserved 1085440K
  class space    used 5529K, capacity 5869K, committed 5888K, reserved 1048576K
}
Event: 16.641 GC heap before
{Heap before GC invocations=13 (full 2):
 PSYoungGen      total 136704K, used 136691K [0x00000000e0000000, 0x00000000e9480000, 0x0000000100000000)
  eden space 125440K, 100% used [0x00000000e0000000,0x00000000e7a80000,0x00000000e7a80000)
  from space 11264K, 99% used [0x00000000e8980000,0x00000000e947cc78,0x00000000e9480000)
  to   space 12288K, 0% used [0x00000000e7c80000,0x00000000e7c80000,0x00000000e8880000)
 ParOldGen       total 88064K, used 16757K [0x00000000a0000000, 0x00000000a5600000, 0x00000000e0000000)
  object space 88064K, 19% used [0x00000000a0000000,0x00000000a105d410,0x00000000a5600000)
 Metaspace       used 50892K, capacity 52486K, committed 52736K, reserved 1095680K
  class space    used 6886K, capacity 7339K, committed 7424K, reserved 1048576K
Event: 16.661 GC heap after
Heap after GC invocations=13 (full 2):
 PSYoungGen      total 139776K, used 11974K [0x00000000e0000000, 0x00000000ec300000, 0x0000000100000000)
  eden space 127488K, 0% used [0x00000000e0000000,0x00000000e0000000,0x00000000e7c80000)
  from space 12288K, 97% used [0x00000000e7c80000,0x00000000e8831948,0x00000000e8880000)
  to   space 13824K, 0% used [0x00000000eb580000,0x00000000eb580000,0x00000000ec300000)
 ParOldGen       total 88064K, used 22033K [0x00000000a0000000, 0x00000000a5600000, 0x00000000e0000000)
  object space 88064K, 25% used [0x00000000a0000000,0x00000000a1584548,0x00000000a5600000)
 Metaspace       used 50892K, capacity 52486K, committed 52736K, reserved 1095680K
  class space    used 6886K, capacity 7339K, committed 7424K, reserved 1048576K
}
Event: 17.701 GC heap before
{Heap before GC invocations=14 (full 2):
 PSYoungGen      total 139776K, used 139462K [0x00000000e0000000, 0x00000000ec300000, 0x0000000100000000)
  eden space 127488K, 100% used [0x00000000e0000000,0x00000000e7c80000,0x00000000e7c80000)
  from space 12288K, 97% used [0x00000000e7c80000,0x00000000e8831948,0x00000000e8880000)
  to   space 13824K, 0% used [0x00000000eb580000,0x00000000eb580000,0x00000000ec300000)
 ParOldGen       total 88064K, used 22033K [0x00000000a0000000, 0x00000000a5600000, 0x00000000e0000000)
  object space 88064K, 25% used [0x00000000a0000000,0x00000000a1584548,0x00000000a5600000)
 Metaspace       used 54276K, capacity 56448K, committed 56704K, reserved 1097728K
  class space    used 7447K, capacity 7968K, committed 8064K, reserved 1048576K
Event: 17.724 GC heap after
Heap after GC invocations=14 (full 2):
 PSYoungGen      total 181248K, used 13824K [0x00000000e0000000, 0x00000000ecf80000, 0x0000000100000000)
  eden space 167424K, 0% used [0x00000000e0000000,0x00000000e0000000,0x00000000ea380000)
  from space 13824K, 100% used [0x00000000eb580000,0x00000000ec300000,0x00000000ec300000)
  to   space 18432K, 0% used [0x00000000ea380000,0x00000000ea380000,0x00000000eb580000)
 ParOldGen       total 88064K, used 29505K [0x00000000a0000000, 0x00000000a5600000, 0x00000000e0000000)
  object space 88064K, 33% used [0x00000000a0000000,0x00000000a1cd0740,0x00000000a5600000)
 Metaspace       used 54276K, capacity 56448K, committed 56704K, reserved 1097728K
  class space    used 7447K, capacity 7968K, committed 8064K, reserved 1048576K
}

