# JRE version: OpenJDK Runtime Environment (8.0_152-b01) (build 1.8.0_152-release-915-b01)
# Java VM: OpenJDK 64-Bit Server VM (25.152-b01 mixed mode windows-amd64 compressed oops)
Heap:
 PSYoungGen      total 497152K, used 361930K [0x00000000e0000000, 0x00000000ffd80000, 0x0000000100000000)
  eden space 471552K, 75% used [0x00000000e0000000,0x00000000f59b66e8,0x00000000fcc80000)
  from space 25600K, 30% used [0x00000000fcc80000,0x00000000fd43c320,0x00000000fe580000)
  to   space 24576K, 0% used [0x00000000fe580000,0x00000000fe580000,0x00000000ffd80000)
 ParOldGen       total 86528K, used 58206K [0x00000000a0000000, 0x00000000a5480000, 0x00000000e0000000)
  object space 86528K, 67% used [0x00000000a0000000,0x00000000a38d7bc8,0x00000000a5480000)
 Metaspace       used 81522K, capacity 87170K, committed 87512K, reserved 1126400K
  class space    used 10176K, capacity 11432K, committed 11520K, reserved 1048576K
GC Heap History (10 events):
Event: 1080.214 GC heap before
{Heap before GC invocations=16 (full 3):
 PSYoungGen      total 495104K, used 491097K [0x00000000e0000000, 0x0000000100000000, 0x0000000100000000)
  eden space 470528K, 99% used [0x00000000e0000000,0x00000000fcaf2ce0,0x00000000fcb80000)
  from space 24576K, 85% used [0x00000000fe580000,0x00000000ffa23888,0x00000000ffd80000)
  to   space 26624K, 0% used [0x00000000fcb80000,0x00000000fcb80000,0x00000000fe580000)
 ParOldGen       total 86528K, used 49574K [0x00000000a0000000, 0x00000000a5480000, 0x00000000e0000000)
  object space 86528K, 57% used [0x00000000a0000000,0x00000000a3069ae8,0x00000000a5480000)
 Metaspace       used 76129K, capacity 79464K, committed 79704K, reserved 1118208K
  class space    used 9597K, capacity 10325K, committed 10368K, reserved 1048576K
Event: 1080.240 GC heap after
Heap after GC invocations=16 (full 3):
 PSYoungGen      total 497152K, used 4658K [0x00000000e0000000, 0x0000000100000000, 0x0000000100000000)
  eden space 470528K, 0% used [0x00000000e0000000,0x00000000e0000000,0x00000000fcb80000)
  from space 26624K, 17% used [0x00000000fcb80000,0x00000000fd00ca70,0x00000000fe580000)
  to   space 26624K, 0% used [0x00000000fe600000,0x00000000fe600000,0x0000000100000000)
 ParOldGen       total 86528K, used 52462K [0x00000000a0000000, 0x00000000a5480000, 0x00000000e0000000)
  object space 86528K, 60% used [0x00000000a0000000,0x00000000a333bb68,0x00000000a5480000)
 Metaspace       used 76129K, capacity 79464K, committed 79704K, reserved 1118208K
  class space    used 9597K, capacity 10325K, committed 10368K, reserved 1048576K
}
Event: 5069.770 GC heap before
{Heap before GC invocations=17 (full 3):
 PSYoungGen      total 497152K, used 475186K [0x00000000e0000000, 0x0000000100000000, 0x0000000100000000)
  eden space 470528K, 100% used [0x00000000e0000000,0x00000000fcb80000,0x00000000fcb80000)
  from space 26624K, 17% used [0x00000000fcb80000,0x00000000fd00ca70,0x00000000fe580000)
  to   space 26624K, 0% used [0x00000000fe600000,0x00000000fe600000,0x0000000100000000)
 ParOldGen       total 86528K, used 52462K [0x00000000a0000000, 0x00000000a5480000, 0x00000000e0000000)
  object space 86528K, 60% used [0x00000000a0000000,0x00000000a333bb68,0x00000000a5480000)
 Metaspace       used 78167K, capacity 81818K, committed 82136K, reserved 1120256K
  class space    used 9851K, capacity 10650K, committed 10752K, reserved 1048576K
Event: 5069.776 GC heap after
Heap after GC invocations=17 (full 3):
 PSYoungGen      total 497664K, used 5477K [0x00000000e0000000, 0x0000000100000000, 0x0000000100000000)
  eden space 471040K, 0% used [0x00000000e0000000,0x00000000e0000000,0x00000000fcc00000)
  from space 26624K, 20% used [0x00000000fe600000,0x00000000feb595d0,0x0000000100000000)
  to   space 26624K, 0% used [0x00000000fcc00000,0x00000000fcc00000,0x00000000fe600000)
 ParOldGen       total 86528K, used 52838K [0x00000000a0000000, 0x00000000a5480000, 0x00000000e0000000)
  object space 86528K, 61% used [0x00000000a0000000,0x00000000a3399be8,0x00000000a5480000)
 Metaspace       used 78167K, capacity 81818K, committed 82136K, reserved 1120256K
  class space    used 9851K, capacity 10650K, committed 10752K, reserved 1048576K
}
Event: 5343.339 GC heap before
{Heap before GC invocations=18 (full 3):
 PSYoungGen      total 497664K, used 476517K [0x00000000e0000000, 0x0000000100000000, 0x0000000100000000)
  eden space 471040K, 100% used [0x00000000e0000000,0x00000000fcc00000,0x00000000fcc00000)
  from space 26624K, 20% used [0x00000000fe600000,0x00000000feb595d0,0x0000000100000000)
  to   space 26624K, 0% used [0x00000000fcc00000,0x00000000fcc00000,0x00000000fe600000)
 ParOldGen       total 86528K, used 52838K [0x00000000a0000000, 0x00000000a5480000, 0x00000000e0000000)
  object space 86528K, 61% used [0x00000000a0000000,0x00000000a3399be8,0x00000000a5480000)
 Metaspace       used 79671K, capacity 84300K, committed 84440K, reserved 1122304K
  class space    used 10005K, capacity 10967K, committed 11008K, reserved 1048576K
Event: 5343.346 GC heap after
Heap after GC invocations=18 (full 3):
 PSYoungGen      total 476160K, used 4937K [0x00000000e0000000, 0x00000000fff00000, 0x0000000100000000)
  eden space 471040K, 0% used [0x00000000e0000000,0x00000000e0000000,0x00000000fcc00000)
  from space 5120K, 96% used [0x00000000fcc00000,0x00000000fd0d2588,0x00000000fd100000)
  to   space 26112K, 0% used [0x00000000fe580000,0x00000000fe580000,0x00000000fff00000)
 ParOldGen       total 86528K, used 54368K [0x00000000a0000000, 0x00000000a5480000, 0x00000000e0000000)
  object space 86528K, 62% used [0x00000000a0000000,0x00000000a35183c8,0x00000000a5480000)
 Metaspace       used 79671K, capacity 84300K, committed 84440K, reserved 1122304K
  class space    used 10005K, capacity 10967K, committed 11008K, reserved 1048576K
}
Event: 5503.357 GC heap before
{Heap before GC invocations=19 (full 3):
 PSYoungGen      total 476160K, used 475977K [0x00000000e0000000, 0x00000000fff00000, 0x0000000100000000)
  eden space 471040K, 100% used [0x00000000e0000000,0x00000000fcc00000,0x00000000fcc00000)
  from space 5120K, 96% used [0x00000000fcc00000,0x00000000fd0d2588,0x00000000fd100000)
  to   space 26112K, 0% used [0x00000000fe580000,0x00000000fe580000,0x00000000fff00000)
 ParOldGen       total 86528K, used 54368K [0x00000000a0000000, 0x00000000a5480000, 0x00000000e0000000)
  object space 86528K, 62% used [0x00000000a0000000,0x00000000a35183c8,0x00000000a5480000)
 Metaspace       used 80733K, capacity 86064K, committed 86232K, reserved 1124352K
  class space    used 10119K, capacity 11255K, committed 11264K, reserved 1048576K
Event: 5503.365 GC heap after
Heap after GC invocations=19 (full 3):
 PSYoungGen      total 497664K, used 4832K [0x00000000e0000000, 0x0000000100000000, 0x0000000100000000)
  eden space 471552K, 0% used [0x00000000e0000000,0x00000000e0000000,0x00000000fcc80000)
  from space 26112K, 18% used [0x00000000fe580000,0x00000000fea38250,0x00000000fff00000)
  to   space 25600K, 0% used [0x00000000fcc80000,0x00000000fcc80000,0x00000000fe580000)
 ParOldGen       total 86528K, used 56997K [0x00000000a0000000, 0x00000000a5480000, 0x00000000e0000000)
  object space 86528K, 65% used [0x00000000a0000000,0x00000000a37a9788,0x00000000a5480000)
 Metaspace       used 80733K, capacity 86064K, committed 86232K, reserved 1124352K
  class space    used 10119K, capacity 11255K, committed 11264K, reserved 1048576K
}
Event: 5917.416 GC heap before
{Heap before GC invocations=20 (full 3):
 PSYoungGen      total 497664K, used 476384K [0x00000000e0000000, 0x0000000100000000, 0x0000000100000000)
  eden space 471552K, 100% used [0x00000000e0000000,0x00000000fcc80000,0x00000000fcc80000)
  from space 26112K, 18% used [0x00000000fe580000,0x00000000fea38250,0x00000000fff00000)
  to   space 25600K, 0% used [0x00000000fcc80000,0x00000000fcc80000,0x00000000fe580000)
 ParOldGen       total 86528K, used 56997K [0x00000000a0000000, 0x00000000a5480000, 0x00000000e0000000)
  object space 86528K, 65% used [0x00000000a0000000,0x00000000a37a9788,0x00000000a5480000)
 Metaspace       used 81194K, capacity 86742K, committed 86872K, reserved 1124352K
  class space    used 10148K, capacity 11342K, committed 11392K, reserved 1048576K
Event: 5917.430 GC heap after
Heap after GC invocations=20 (full 3):
 PSYoungGen      total 497152K, used 7920K [0x00000000e0000000, 0x00000000ffd80000, 0x0000000100000000)
  eden space 471552K, 0% used [0x00000000e0000000,0x00000000e0000000,0x00000000fcc80000)
  from space 25600K, 30% used [0x00000000fcc80000,0x00000000fd43c320,0x00000000fe580000)
  to   space 24576K, 0% used [0x00000000fe580000,0x00000000fe580000,0x00000000ffd80000)
 ParOldGen       total 86528K, used 58206K [0x00000000a0000000, 0x00000000a5480000, 0x00000000e0000000)
  object space 86528K, 67% used [0x00000000a0000000,0x00000000a38d7bc8,0x00000000a5480000)
 Metaspace       used 81194K, capacity 86742K, committed 86872K, reserved 1124352K
  class space    used 10148K, capacity 11342K, committed 11392K, reserved 1048576K
}

